# JRE version: OpenJDK Runtime Environment Temurin-17.0.2+8 (17.0.2+8) (build 17.0.2+8)
# Java VM: OpenJDK 64-Bit Server VM Temurin-17.0.2+8 (17.0.2+8, mixed mode, tiered, compressed oops, compressed class ptrs, g1 gc, windows-amd64)
GC Precious Log:
 CPUs: 4 total, 4 available
 Memory: 8094M
 Large Page Support: Disabled
 NUMA Support: Disabled
 Compressed Oops: Enabled (32-bit)
 Heap Region Size: 1M
 Heap Min Capacity: 8M
 Heap Initial Capacity: 128M
 Heap Max Capacity: 2024M
 Pre-touch: Disabled
 Parallel Workers: 4
 Concurrent Workers: 1
 Concurrent Refinement Workers: 4
 Periodic GC: Disabled
Heap:
 garbage-first heap   total 86016K, used 63676K [0x0000000081800000, 0x0000000100000000)
  region size 1024K, 27 young (27648K), 2 survivors (2048K)
 Metaspace       used 42679K, committed 42944K, reserved 1089536K
  class space    used 4572K, committed 4672K, reserved 1048576K
GC Heap History (20 events):
Event: 7.340 GC heap before
{Heap before GC invocations=7 (full 0):
 garbage-first heap   total 37888K, used 32212K [0x0000000081800000, 0x0000000100000000)
  region size 1024K, 15 young (15360K), 1 survivors (1024K)
 Metaspace       used 28622K, committed 28864K, reserved 1081344K
  class space    used 3048K, committed 3200K, reserved 1048576K
}
Event: 7.343 GC heap after
{Heap after GC invocations=8 (full 0):
 garbage-first heap   total 37888K, used 13025K [0x0000000081800000, 0x0000000100000000)
  region size 1024K, 2 young (2048K), 2 survivors (2048K)
 Metaspace       used 28622K, committed 28864K, reserved 1081344K
  class space    used 3048K, committed 3200K, reserved 1048576K
}
Event: 7.513 GC heap before
{Heap before GC invocations=8 (full 0):
 garbage-first heap   total 37888K, used 27361K [0x0000000081800000, 0x0000000100000000)
  region size 1024K, 16 young (16384K), 2 survivors (2048K)
 Metaspace       used 28731K, committed 28992K, reserved 1081344K
  class space    used 3052K, committed 3200K, reserved 1048576K
}
Event: 7.517 GC heap after
{Heap after GC invocations=9 (full 0):
 garbage-first heap   total 37888K, used 14105K [0x0000000081800000, 0x0000000100000000)
  region size 1024K, 2 young (2048K), 2 survivors (2048K)
 Metaspace       used 28731K, committed 28992K, reserved 1081344K
  class space    used 3052K, committed 3200K, reserved 1048576K
}
Event: 7.716 GC heap before
{Heap before GC invocations=9 (full 0):
 garbage-first heap   total 37888K, used 27417K [0x0000000081800000, 0x0000000100000000)
  region size 1024K, 15 young (15360K), 2 survivors (2048K)
 Metaspace       used 29005K, committed 29248K, reserved 1081344K
  class space    used 3067K, committed 3200K, reserved 1048576K
}
Event: 7.719 GC heap after
{Heap after GC invocations=10 (full 0):
 garbage-first heap   total 37888K, used 14817K [0x0000000081800000, 0x0000000100000000)
  region size 1024K, 1 young (1024K), 1 survivors (1024K)
 Metaspace       used 29005K, committed 29248K, reserved 1081344K
  class space    used 3067K, committed 3200K, reserved 1048576K
}
Event: 7.870 GC heap before
{Heap before GC invocations=10 (full 0):
 garbage-first heap   total 37888K, used 28129K [0x0000000081800000, 0x0000000100000000)
  region size 1024K, 14 young (14336K), 1 survivors (1024K)
 Metaspace       used 29155K, committed 29376K, reserved 1081344K
  class space    used 3069K, committed 3200K, reserved 1048576K
}
Event: 7.874 GC heap after
{Heap after GC invocations=11 (full 0):
 garbage-first heap   total 37888K, used 15354K [0x0000000081800000, 0x0000000100000000)
  region size 1024K, 2 young (2048K), 2 survivors (2048K)
 Metaspace       used 29155K, committed 29376K, reserved 1081344K
  class space    used 3069K, committed 3200K, reserved 1048576K
}
Event: 8.113 GC heap before
{Heap before GC invocations=11 (full 0):
 garbage-first heap   total 37888K, used 26618K [0x0000000081800000, 0x0000000100000000)
  region size 1024K, 14 young (14336K), 2 survivors (2048K)
 Metaspace       used 30096K, committed 30272K, reserved 1081344K
  class space    used 3159K, committed 3264K, reserved 1048576K
}
Event: 8.116 GC heap after
{Heap after GC invocations=12 (full 0):
 garbage-first heap   total 37888K, used 16370K [0x0000000081800000, 0x0000000100000000)
  region size 1024K, 2 young (2048K), 2 survivors (2048K)
 Metaspace       used 30096K, committed 30272K, reserved 1081344K
  class space    used 3159K, committed 3264K, reserved 1048576K
}
Event: 8.119 GC heap before
{Heap before GC invocations=12 (full 0):
 garbage-first heap   total 41984K, used 24562K [0x0000000081800000, 0x0000000100000000)
  region size 1024K, 3 young (3072K), 2 survivors (2048K)
 Metaspace       used 30096K, committed 30272K, reserved 1081344K
  class space    used 3159K, committed 3264K, reserved 1048576K
}
Event: 8.122 GC heap after
{Heap after GC invocations=13 (full 0):
 garbage-first heap   total 51200K, used 24580K [0x0000000081800000, 0x0000000100000000)
  region size 1024K, 2 young (2048K), 2 survivors (2048K)
 Metaspace       used 30096K, committed 30272K, reserved 1081344K
  class space    used 3159K, committed 3264K, reserved 1048576K
}
Event: 8.352 GC heap before
{Heap before GC invocations=14 (full 0):
 garbage-first heap   total 86016K, used 65540K [0x0000000081800000, 0x0000000100000000)
  region size 1024K, 18 young (18432K), 2 survivors (2048K)
 Metaspace       used 30221K, committed 30464K, reserved 1081344K
  class space    used 3163K, committed 3264K, reserved 1048576K
}
Event: 8.357 GC heap after
{Heap after GC invocations=15 (full 0):
 garbage-first heap   total 86016K, used 17139K [0x0000000081800000, 0x0000000100000000)
  region size 1024K, 2 young (2048K), 2 survivors (2048K)
 Metaspace       used 30221K, committed 30464K, reserved 1081344K
  class space    used 3163K, committed 3264K, reserved 1048576K
}
Event: 9.174 GC heap before
{Heap before GC invocations=15 (full 0):
 garbage-first heap   total 86016K, used 67315K [0x0000000081800000, 0x0000000100000000)
  region size 1024K, 50 young (51200K), 2 survivors (2048K)
 Metaspace       used 37484K, committed 37824K, reserved 1089536K
  class space    used 4011K, committed 4160K, reserved 1048576K
}
Event: 9.181 GC heap after
{Heap after GC invocations=16 (full 0):
 garbage-first heap   total 86016K, used 23544K [0x0000000081800000, 0x0000000100000000)
  region size 1024K, 7 young (7168K), 7 survivors (7168K)
 Metaspace       used 37484K, committed 37824K, reserved 1089536K
  class space    used 4011K, committed 4160K, reserved 1048576K
}
Event: 10.125 GC heap before
{Heap before GC invocations=16 (full 0):
 garbage-first heap   total 86016K, used 67576K [0x0000000081800000, 0x0000000100000000)
  region size 1024K, 49 young (50176K), 7 survivors (7168K)
 Metaspace       used 39303K, committed 39616K, reserved 1089536K
  class space    used 4203K, committed 4352K, reserved 1048576K
}
Event: 10.141 GC heap after
{Heap after GC invocations=17 (full 0):
 garbage-first heap   total 86016K, used 34570K [0x0000000081800000, 0x0000000100000000)
  region size 1024K, 7 young (7168K), 7 survivors (7168K)
 Metaspace       used 39303K, committed 39616K, reserved 1089536K
  class space    used 4203K, committed 4352K, reserved 1048576K
}
Event: 11.148 GC heap before
{Heap before GC invocations=17 (full 0):
 garbage-first heap   total 86016K, used 62218K [0x0000000081800000, 0x0000000100000000)
  region size 1024K, 35 young (35840K), 7 survivors (7168K)
 Metaspace       used 41117K, committed 41408K, reserved 1089536K
  class space    used 4396K, committed 4544K, reserved 1048576K
}
Event: 11.161 GC heap after
{Heap after GC invocations=18 (full 0):
 garbage-first heap   total 86016K, used 37052K [0x0000000081800000, 0x0000000100000000)
  region size 1024K, 2 young (2048K), 2 survivors (2048K)
 Metaspace       used 41117K, committed 41408K, reserved 1089536K
  class space    used 4396K, committed 4544K, reserved 1048576K
}

